[debug] [2023-03-06T18:25:26.089Z] ----------------------------------------------------------------------
[debug] [2023-03-06T18:25:26.091Z] Command:       C:\Program Files\nodejs\node.exe C:\Program Files\nodejs\node_modules\firebase-tools\lib\bin\firebase.js init
[debug] [2023-03-06T18:25:26.091Z] CLI Version:   11.24.0
[debug] [2023-03-06T18:25:26.092Z] Platform:      win32
[debug] [2023-03-06T18:25:26.092Z] Node Version:  v16.13.2
[debug] [2023-03-06T18:25:26.092Z] Time:          Mon Mar 06 2023 14:25:26 GMT-0400 (hora de Venezuela)
[debug] [2023-03-06T18:25:26.092Z] ----------------------------------------------------------------------
[debug] 
[debug] [2023-03-06T18:25:26.153Z] > command requires scopes: ["email","openid","https://www.googleapis.com/auth/cloudplatformprojects.readonly","https://www.googleapis.com/auth/firebase","https://www.googleapis.com/auth/cloud-platform"]
[debug] [2023-03-06T18:25:26.153Z] > authorizing via signed-in user (andersonyrosana13@gmail.com)
[info] 
     ######## #### ########  ######## ########     ###     ######  ########
     ##        ##  ##     ## ##       ##     ##  ##   ##  ##       ##
     ######    ##  ########  ######   ########  #########  ######  ######
     ##        ##  ##    ##  ##       ##     ## ##     ##       ## ##
     ##       #### ##     ## ######## ########  ##     ##  ######  ########

You're about to initialize a Firebase project in this directory:

  C:\Users\Mamito\Documents\Angular-firebase\chat-mamito

Before we get started, keep in mind:

  * You are initializing within an existing Firebase project directory

